<?xml version="1.0" encoding="UTF-8"?>
<testng-results skipped="0" failed="0" ignored="0" total="1" passed="1">
  <reporter-output>
  </reporter-output>
  <suite name="Default suite" duration-ms="4048" started-at="2022-07-26T18:08:21Z" finished-at="2022-07-26T18:08:25Z">
    <groups>
    </groups>
    <test name="Default test" duration-ms="4048" started-at="2022-07-26T18:08:21Z" finished-at="2022-07-26T18:08:25Z">
      <class name="com.test_get.BDD_Syle">
        <test-method status="PASS" signature="postMethod()[pri:0, instance:com.test_get.BDD_Syle@643b1d11]" name="postMethod" duration-ms="4015" started-at="2022-07-26T23:38:21Z" finished-at="2022-07-26T23:38:25Z">
          <reporter-output>
          </reporter-output>
        </test-method> <!-- postMethod -->
      </class> <!-- com.test_get.BDD_Syle -->
    </test> <!-- Default test -->
  </suite> <!-- Default suite -->
</testng-results>
